Index: 0105                                                                                   
PC Time: 02:02:34                                                                             
PC Date: 21-01-2016                                                                           
Ndecimate: 0                                                                                  
Version: 2.430                                                                                
**********************************************************************************************
Bottom Depth (m): 3409.0                                                                      
Ship's Log (kt): 7.3                                                                          
LAT ( ddmm.mmmmmmm,N):  2904.1473000,N                                                        
LON (dddmm.mmmmmmm,E): 08731.4360000,W                                                        
Heading (deg): 000.0                                                                          
Time (hh|mm|ss.s): 02:02:34.1                                                                 
Date (dd/mm/yyyy): 21/01/2016                                                                 
**********************************************************************************************
DOCK Cable Out (m): 0.0                                                                       
X_Depth (m): -1.0                                                                             
X_SV (m/s): 0.0                                                                               
**********************************************************************************************
Serial Format: 1                                                                              
Serial Instruments: 1                                                                         
Serial Main: 1                                                                                
**********************************************************************************************
SER1 Type: 7, AML_uCTD                                                                        
SER1 FID: M                                                                                   
SER1 Serial Number: 8506                                                                      
SER1 Press Offset: 0.00                                                                       
SER1 CSV Offset: 0.000                                                                        
SER1 Temp Offset: 0.000                                                                       
SER1 Num5Vin: 0                                                                               
**********************************************************************************************
SER2 Type: 0, None                                                                            
SER2 FID:                                                                                     
SER2 Serial Number: 0                                                                         
SER2 Press Offset: 0.00                                                                       
SER2 CSV Offset: 0.000                                                                        
SER2 Temp Offset: 0.000                                                                       
SER2 Num5Vin: 0                                                                               
**********************************************************************************************
SER3 Type: 0, None                                                                            
SER3 FID:                                                                                     
SER3 Serial Number: 0                                                                         
SER3 Press Offset: 0.00                                                                       
SER3 CSV Offset: 0.000                                                                        
SER3 Temp Offset: 0.000                                                                       
SER3 Num5Vin: 0                                                                               
**********************************************************************************************
BOT F1:                                                                                       
BOT F2:                                                                                       
BOT F3:                                                                                       
BOT F4:                                                                                       
BOT F5:                                                                                       
BOT F6: NAV_vessel_heading_input_timed_out.                                                   
BOT F7: $GPGGA,020236,2904.1473,N,08731.4360,W,1,8,1.7,12,M,,M,,*5A                           
BOT F8: PC_UTC_Date/Time                                                                      
BOT F9: $SDDBS,210120,020230,2232.91,3408.97                                                  
BOT F10:$GPVTG,71.0,T,73.4,M,7.3,N,13.5,K*7B                                                  
**********************************************************************************************
<END_OF_HEADER>                                                                               



[02:02:29.9] EVENT: START,02:02:29.7,2904.1441000,N,08731.4469000,W,7.3,kts,3409.0,m,0.0,m,0.0,m/s,50.0,kg,00h,0080h,0000h,6.6,m,0.0,deg
[02:02:29.9] DCFG: 1,20.0,m,200.0,m,375.0,m,1.0,kts,13.0,kts
[02:02:32.7] MVP PROFILING MODE: FreeWheel
[02:02:34.4] EVENT: DWNBO,02:02:34.1,2904.1473000,N,08731.4360000,W,7.3,kts,3409.0,m,0.0,m,0.0,m/s,33.0,kg,00h,0080h,0000h,6.7,m,0.0,deg
[02:03:27.0] MVP CAST TERMINATED - MaxDepth,
[02:03:29.6] EVENT: DWNB1,02:03:29.1,2904.1809000,N,08731.3132000,W,7.3,kts,3708.8,m,341.7,m,3.4,m/s,82.0,kg,00h,0080h,0000h,195.7,m,0.0,deg
[02:03:29.6] AUTO RECOVER DELAY: 1.0 s
[02:03:31.0] AUTORECOVER INITIALIZATION
[02:03:34.6] AUTORECOVER - Constant RPM
[02:03:34.6] EVENT: UP_BO,02:03:34.1,2904.1848000,N,08731.3024000,W,7.3,kts,2229.7,m,341.7,m,0.0,m/s,84.0,kg,00h,0082h,0000h,183.3,m,0.0,deg
[02:08:44.9] EVENT: UP_B1,02:08:44.6,2904.4277000,N,08730.6403000,W,7.3,kts,2317.6,m,-2.0,m,0.3,m/s,38.0,kg,00h,0080h,0000h,4.4,m,0.0,deg
[02:08:44.9] DOCK messenger detected!
[02:08:44.9] EVENT: STOP_,02:08:44.6,2904.4277000,N,08730.6403000,W,7.3,kts,2317.6,m,-2.0,m,0.3,m/s,38.0,kg,00h,0080h,0000h,4.4,m,0.0,deg
[02:08:44.9] SUMMARY: 375.0,s,55.0,s,310.0,s,341.7,m,159.0,kg,198.6,m