Index: 0101                                                                                   
PC Time: 01:47:18                                                                             
PC Date: 21-01-2016                                                                           
Ndecimate: 0                                                                                  
Version: 2.430                                                                                
**********************************************************************************************
Bottom Depth (m): 2422.3                                                                      
Ship's Log (kt): 7.3                                                                          
LAT ( ddmm.mmmmmmm,N):  2903.5508000,N                                                        
LON (dddmm.mmmmmmm,E): 08733.4263000,W                                                        
Heading (deg): 000.0                                                                          
Time (hh|mm|ss.s): 01:47:18.7                                                                 
Date (dd/mm/yyyy): 21/01/2016                                                                 
**********************************************************************************************
DOCK Cable Out (m): 0.0                                                                       
X_Depth (m): -1.0                                                                             
X_SV (m/s): 0.0                                                                               
**********************************************************************************************
Serial Format: 1                                                                              
Serial Instruments: 1                                                                         
Serial Main: 1                                                                                
**********************************************************************************************
SER1 Type: 7, AML_uCTD                                                                        
SER1 FID: M                                                                                   
SER1 Serial Number: 8506                                                                      
SER1 Press Offset: 0.00                                                                       
SER1 CSV Offset: 0.000                                                                        
SER1 Temp Offset: 0.000                                                                       
SER1 Num5Vin: 0                                                                               
**********************************************************************************************
SER2 Type: 0, None                                                                            
SER2 FID:                                                                                     
SER2 Serial Number: 0                                                                         
SER2 Press Offset: 0.00                                                                       
SER2 CSV Offset: 0.000                                                                        
SER2 Temp Offset: 0.000                                                                       
SER2 Num5Vin: 0                                                                               
**********************************************************************************************
SER3 Type: 0, None                                                                            
SER3 FID:                                                                                     
SER3 Serial Number: 0                                                                         
SER3 Press Offset: 0.00                                                                       
SER3 CSV Offset: 0.000                                                                        
SER3 Temp Offset: 0.000                                                                       
SER3 Num5Vin: 0                                                                               
**********************************************************************************************
BOT F1:                                                                                       
BOT F2:                                                                                       
BOT F3:                                                                                       
BOT F4:                                                                                       
BOT F5:                                                                                       
BOT F6: NAV_vessel_heading_input_timed_out.                                                   
BOT F7: $GPGGA,014721,2903.5508,N,08733.4263,W,1,8,1.6,12,M,,M,,*51                           
BOT F8: PC_UTC_Date/Time                                                                      
BOT F9: $SDDBS,210120,014719,3564.64,2422.32                                                  
BOT F10:$GPVTG,71.4,T,73.8,M,7.3,N,13.5,K*73                                                  
**********************************************************************************************
<END_OF_HEADER>                                                                               



[01:47:14.4] EVENT: START,01:47:14.2,2903.5475000,N,08733.4372000,W,7.3,kts,2516.9,m,0.0,m,0.0,m/s,44.0,kg,00h,0080h,0000h,5.6,m,0.0,deg
[01:47:14.4] DCFG: 1,20.0,m,200.0,m,375.0,m,1.0,kts,13.0,kts
[01:47:17.2] MVP PROFILING MODE: FreeWheel
[01:47:18.8] EVENT: DWNBO,01:47:18.7,2903.5508000,N,08733.4263000,W,7.3,kts,2422.3,m,0.0,m,0.0,m/s,36.0,kg,00h,0080h,0000h,6.4,m,0.0,deg
[01:48:11.7] MVP CAST TERMINATED - MaxDepth,
[01:48:14.1] EVENT: DWNB1,01:48:13.7,2903.5853000,N,08733.3040000,W,7.6,kts,3191.9,m,343.7,m,3.2,m/s,81.0,kg,00h,0080h,0000h,196.1,m,0.0,deg
[01:48:14.1] AUTO RECOVER DELAY: 1.0 s
[01:48:15.5] AUTORECOVER INITIALIZATION
[01:48:19.1] AUTORECOVER - Constant RPM
[01:48:19.1] EVENT: UP_BO,01:48:18.7,2903.5895000,N,08733.2906000,W,7.5,kts,3191.9,m,343.7,m,0.0,m/s,100.0,kg,00h,0082h,0000h,182.7,m,0.0,deg
[01:53:36.0] EVENT: UP_B1,01:53:35.7,2903.7986000,N,08732.5971000,W,7.1,kts,2392.4,m,-2.3,m,1.2,m/s,40.0,kg,00h,0080h,0000h,3.5,m,0.0,deg
[01:53:36.0] DOCK messenger detected!
[01:53:36.0] EVENT: STOP_,01:53:35.7,2903.7986000,N,08732.5971000,W,7.1,kts,2392.4,m,-2.3,m,1.2,m/s,40.0,kg,00h,0080h,0000h,3.5,m,0.0,deg
[01:53:36.0] SUMMARY: 382.0,s,56.0,s,317.0,s,343.7,m,167.0,kg,198.5,m