Index: 0104                                                                                   
PC Time: 02:00:44                                                                             
PC Date: 21-01-2016                                                                           
Ndecimate: 0                                                                                  
Version: 2.430                                                                                
**********************************************************************************************
Bottom Depth (m): 2690.8                                                                      
Ship's Log (kt): 7.1                                                                          
LAT ( ddmm.mmmmmmm,N):  2904.0761000,N                                                        
LON (dddmm.mmmmmmm,E): 08731.6738000,W                                                        
Heading (deg): 000.0                                                                          
Time (hh|mm|ss.s): 02:00:44.2                                                                 
Date (dd/mm/yyyy): 21/01/2016                                                                 
**********************************************************************************************
DOCK Cable Out (m): 0.0                                                                       
X_Depth (m): -1.0                                                                             
X_SV (m/s): 0.0                                                                               
**********************************************************************************************
Serial Format: 1                                                                              
Serial Instruments: 1                                                                         
Serial Main: 1                                                                                
**********************************************************************************************
SER1 Type: 7, AML_uCTD                                                                        
SER1 FID: M                                                                                   
SER1 Serial Number: 8506                                                                      
SER1 Press Offset: 0.00                                                                       
SER1 CSV Offset: 0.000                                                                        
SER1 Temp Offset: 0.000                                                                       
SER1 Num5Vin: 0                                                                               
**********************************************************************************************
SER2 Type: 0, None                                                                            
SER2 FID:                                                                                     
SER2 Serial Number: 0                                                                         
SER2 Press Offset: 0.00                                                                       
SER2 CSV Offset: 0.000                                                                        
SER2 Temp Offset: 0.000                                                                       
SER2 Num5Vin: 0                                                                               
**********************************************************************************************
SER3 Type: 0, None                                                                            
SER3 FID:                                                                                     
SER3 Serial Number: 0                                                                         
SER3 Press Offset: 0.00                                                                       
SER3 CSV Offset: 0.000                                                                        
SER3 Temp Offset: 0.000                                                                       
SER3 Num5Vin: 0                                                                               
**********************************************************************************************
BOT F1:                                                                                       
BOT F2:                                                                                       
BOT F3:                                                                                       
BOT F4:                                                                                       
BOT F5:                                                                                       
BOT F6: NAV_vessel_heading_input_timed_out.                                                   
BOT F7: $GPGGA,020046,2904.0761,N,08731.6738,W,1,8,1.7,14,M,,M,,*53                           
BOT F8: PC_UTC_Date/Time                                                                      
BOT F9: $SDDBS,210120,020040,2616.84,2690.80                                                  
BOT F10:$GPVTG,72.8,T,75.2,M,7.1,N,13.1,K*76                                                  
**********************************************************************************************
<END_OF_HEADER>                                                                               



[02:00:44.2] EVENT: START,02:00:44.2,2904.0761000,N,08731.6738000,W,7.1,kts,2690.8,m,104.3,m,0.0,m/s,53.0,kg,00h,0080h,0000h,22.9,m,0.0,deg
[02:00:44.2] DCFG: 1,20.0,m,200.0,m,375.0,m,1.0,kts,13.0,kts
[02:00:44.2] AUTORECOVER INITIALIZATION
[02:00:50.6] AUTORECOVER - Constant RPM
[02:00:50.6] EVENT: UP_BO,02:00:50.2,2904.0795000,N,08731.6608000,W,7.2,kts,3121.1,m,104.2,m,0.0,m/s,59.0,kg,00h,0082h,0000h,19.5,m,0.0,deg
[02:02:13.7] EVENT: UP_B1,02:02:13.7,2904.1333000,N,08731.4797000,W,7.2,kts,2359.6,m,-0.9,m,1.3,m/s,40.0,kg,00h,0080h,0000h,3.9,m,0.0,deg
[02:02:13.7] DOCK messenger detected!
[02:02:13.7] EVENT: STOP_,02:02:13.7,2904.1333000,N,08731.4797000,W,7.2,kts,2359.6,m,-0.9,m,1.3,m/s,40.0,kg,00h,0080h,0000h,3.9,m,0.0,deg
[02:02:13.7] SUMMARY: 89.0,s,0.0,s,83.0,s,104.3,m,179.0,kg,22.9,m