Index: 0106                                                                                   
PC Time: 02:09:22                                                                             
PC Date: 21-01-2016                                                                           
Ndecimate: 0                                                                                  
Version: 2.430                                                                                
**********************************************************************************************
Bottom Depth (m): 3067.2                                                                      
Ship's Log (kt): 7.3                                                                          
LAT ( ddmm.mmmmmmm,N):  2904.4584000,N                                                        
LON (dddmm.mmmmmmm,E): 08730.5616000,W                                                        
Heading (deg): 000.0                                                                          
Time (hh|mm|ss.s): 02:09:21.6                                                                 
Date (dd/mm/yyyy): 21/01/2016                                                                 
**********************************************************************************************
DOCK Cable Out (m): 0.0                                                                       
X_Depth (m): -1.0                                                                             
X_SV (m/s): 0.0                                                                               
**********************************************************************************************
Serial Format: 1                                                                              
Serial Instruments: 1                                                                         
Serial Main: 1                                                                                
**********************************************************************************************
SER1 Type: 7, AML_uCTD                                                                        
SER1 FID: M                                                                                   
SER1 Serial Number: 8506                                                                      
SER1 Press Offset: 0.00                                                                       
SER1 CSV Offset: 0.000                                                                        
SER1 Temp Offset: 0.000                                                                       
SER1 Num5Vin: 0                                                                               
**********************************************************************************************
SER2 Type: 0, None                                                                            
SER2 FID:                                                                                     
SER2 Serial Number: 0                                                                         
SER2 Press Offset: 0.00                                                                       
SER2 CSV Offset: 0.000                                                                        
SER2 Temp Offset: 0.000                                                                       
SER2 Num5Vin: 0                                                                               
**********************************************************************************************
SER3 Type: 0, None                                                                            
SER3 FID:                                                                                     
SER3 Serial Number: 0                                                                         
SER3 Press Offset: 0.00                                                                       
SER3 CSV Offset: 0.000                                                                        
SER3 Temp Offset: 0.000                                                                       
SER3 Num5Vin: 0                                                                               
**********************************************************************************************
BOT F1:                                                                                       
BOT F2:                                                                                       
BOT F3:                                                                                       
BOT F4:                                                                                       
BOT F5:                                                                                       
BOT F6: NAV_vessel_heading_input_timed_out.                                                   
BOT F7: $GPGGA,020924,2904.4584,N,08730.5616,W,1,8,1.7,11,M,,M,,*59                           
BOT F8: PC_UTC_Date/Time                                                                      
BOT F9: $SDDBS,210120,020919,3451.24,3067.22                                                  
BOT F10:$GPVTG,65.2,T,67.6,M,7.3,N,13.5,K*7B                                                  
**********************************************************************************************
<END_OF_HEADER>                                                                               



[02:09:17.4] EVENT: START,02:09:17.1,2904.4534000,N,08730.5725000,W,7.3,kts,3114.3,m,0.0,m,0.0,m/s,46.0,kg,00h,0080h,0000h,6.8,m,0.0,deg
[02:09:17.4] DCFG: 1,20.0,m,200.0,m,375.0,m,1.0,kts,13.0,kts
[02:09:20.3] MVP PROFILING MODE: FreeWheel
[02:09:22.0] EVENT: DWNBO,02:09:21.6,2904.4584000,N,08730.5616000,W,7.3,kts,3067.2,m,0.0,m,0.0,m/s,31.0,kg,00h,0080h,0000h,6.4,m,0.0,deg
[02:10:14.5] MVP CAST TERMINATED - MaxDepth,
[02:10:16.8] EVENT: DWNB1,02:10:16.6,2904.5054000,N,08730.4434000,W,7.3,kts,2901.9,m,341.0,m,2.8,m/s,87.0,kg,00h,0080h,0000h,196.5,m,0.0,deg
[02:10:16.8] AUTO RECOVER DELAY: 1.0 s
[02:10:18.3] AUTORECOVER INITIALIZATION
[02:10:22.1] AUTORECOVER - Constant RPM
[02:10:22.1] EVENT: UP_BO,02:10:21.6,2904.5083000,N,08730.4348000,W,7.2,kts,2743.4,m,341.0,m,0.0,m/s,85.0,kg,00h,0082h,0000h,184.0,m,0.0,deg
[02:15:33.3] EVENT: UP_B1,02:15:33.1,2904.7688000,N,08729.7800000,W,7.1,kts,2000.2,m,-2.3,m,1.1,m/s,41.0,kg,00h,0080h,0000h,4.8,m,0.0,deg
[02:15:33.3] DOCK messenger detected!
[02:15:33.3] EVENT: STOP_,02:15:33.1,2904.7688000,N,08729.7800000,W,7.1,kts,2000.2,m,-2.3,m,1.1,m/s,41.0,kg,00h,0080h,0000h,4.8,m,0.0,deg
[02:15:33.3] SUMMARY: 376.0,s,54.0,s,311.0,s,341.0,m,156.0,kg,198.7,m