Index: 0100                                                                                   
PC Time: 01:40:56                                                                             
PC Date: 21-01-2016                                                                           
Ndecimate: 0                                                                                  
Version: 2.430                                                                                
**********************************************************************************************
Bottom Depth (m): 2950.9                                                                      
Ship's Log (kt): 7.4                                                                          
LAT ( ddmm.mmmmmmm,N):  2903.2897000,N                                                        
LON (dddmm.mmmmmmm,E): 08734.2597000,W                                                        
Heading (deg): 000.0                                                                          
Time (hh|mm|ss.s): 01:40:56.7                                                                 
Date (dd/mm/yyyy): 21/01/2016                                                                 
**********************************************************************************************
DOCK Cable Out (m): 0.0                                                                       
X_Depth (m): -1.0                                                                             
X_SV (m/s): 0.0                                                                               
**********************************************************************************************
Serial Format: 1                                                                              
Serial Instruments: 1                                                                         
Serial Main: 1                                                                                
**********************************************************************************************
SER1 Type: 7, AML_uCTD                                                                        
SER1 FID: M                                                                                   
SER1 Serial Number: 8506                                                                      
SER1 Press Offset: 0.00                                                                       
SER1 CSV Offset: 0.000                                                                        
SER1 Temp Offset: 0.000                                                                       
SER1 Num5Vin: 0                                                                               
**********************************************************************************************
SER2 Type: 0, None                                                                            
SER2 FID:                                                                                     
SER2 Serial Number: 0                                                                         
SER2 Press Offset: 0.00                                                                       
SER2 CSV Offset: 0.000                                                                        
SER2 Temp Offset: 0.000                                                                       
SER2 Num5Vin: 0                                                                               
**********************************************************************************************
SER3 Type: 0, None                                                                            
SER3 FID:                                                                                     
SER3 Serial Number: 0                                                                         
SER3 Press Offset: 0.00                                                                       
SER3 CSV Offset: 0.000                                                                        
SER3 Temp Offset: 0.000                                                                       
SER3 Num5Vin: 0                                                                               
**********************************************************************************************
BOT F1:                                                                                       
BOT F2:                                                                                       
BOT F3:                                                                                       
BOT F4:                                                                                       
BOT F5:                                                                                       
BOT F6: NAV_vessel_heading_input_timed_out.                                                   
BOT F7: $GPGGA,014059,2903.2897,N,08734.2597,W,1,8,1.4,11,M,,M,,*59                           
BOT F8: PC_UTC_Date/Time                                                                      
BOT F9: $SDDBS,210120,014054,2014.93,2950.89                                                  
BOT F10:$GPVTG,70.5,T,72.9,M,7.4,N,13.7,K*76                                                  
**********************************************************************************************
<END_OF_HEADER>                                                                               



[01:40:52.2] EVENT: START,01:40:52.2,2903.2863000,N,08734.2709000,W,7.4,kts,2629.0,m,0.0,m,0.0,m/s,51.0,kg,00h,0080h,0000h,5.3,m,0.0,deg
[01:40:52.2] DCFG: 1,20.0,m,200.0,m,375.0,m,1.0,kts,13.0,kts
[01:40:55.0] MVP PROFILING MODE: FreeWheel
[01:40:56.6] EVENT: DWNBO,01:40:56.7,2903.2897000,N,08734.2597000,W,7.4,kts,2950.9,m,0.0,m,0.0,m/s,38.0,kg,00h,0080h,0000h,5.8,m,0.0,deg
[01:41:49.5] MVP CAST TERMINATED - MaxDepth,
[01:41:51.9] EVENT: DWNB1,01:41:51.7,2903.3276000,N,08734.1408000,W,7.1,kts,1880.1,m,342.5,m,2.8,m/s,75.0,kg,00h,0080h,0000h,195.3,m,0.0,deg
[01:41:51.9] AUTO RECOVER DELAY: 1.0 s
[01:41:53.3] AUTORECOVER INITIALIZATION
[01:41:57.0] AUTORECOVER - Constant RPM
[01:41:57.0] EVENT: UP_BO,01:41:56.7,2903.3305000,N,08734.1299000,W,7.1,kts,2518.4,m,342.5,m,0.0,m/s,97.0,kg,00h,0082h,0000h,182.8,m,0.0,deg
[01:47:11.2] EVENT: UP_B1,01:47:11.2,2903.5452000,N,08733.4438000,W,7.3,kts,2572.2,m,-2.1,m,0.5,m/s,38.0,kg,00h,0080h,0000h,4.2,m,0.0,deg
[01:47:11.2] DOCK messenger detected!
[01:47:11.2] EVENT: STOP_,01:47:11.2,2903.5452000,N,08733.4438000,W,7.3,kts,2572.2,m,-2.1,m,0.5,m/s,38.0,kg,00h,0080h,0000h,4.2,m,0.0,deg
[01:47:11.2] SUMMARY: 379.0,s,55.0,s,314.0,s,342.5,m,161.0,kg,198.6,m