Index: 0102                                                                                   
PC Time: 01:53:43                                                                             
PC Date: 21-01-2016                                                                           
Ndecimate: 0                                                                                  
Version: 2.430                                                                                
**********************************************************************************************
Bottom Depth (m): 2134.3                                                                      
Ship's Log (kt): 7.2                                                                          
LAT ( ddmm.mmmmmmm,N):  2903.8035000,N                                                        
LON (dddmm.mmmmmmm,E): 08732.5794000,W                                                        
Heading (deg): 000.0                                                                          
Time (hh|mm|ss.s): 01:53:43.7                                                                 
Date (dd/mm/yyyy): 21/01/2016                                                                 
**********************************************************************************************
DOCK Cable Out (m): 0.0                                                                       
X_Depth (m): -1.0                                                                             
X_SV (m/s): 0.0                                                                               
**********************************************************************************************
Serial Format: 1                                                                              
Serial Instruments: 1                                                                         
Serial Main: 1                                                                                
**********************************************************************************************
SER1 Type: 7, AML_uCTD                                                                        
SER1 FID: M                                                                                   
SER1 Serial Number: 8506                                                                      
SER1 Press Offset: 0.00                                                                       
SER1 CSV Offset: 0.000                                                                        
SER1 Temp Offset: 0.000                                                                       
SER1 Num5Vin: 0                                                                               
**********************************************************************************************
SER2 Type: 0, None                                                                            
SER2 FID:                                                                                     
SER2 Serial Number: 0                                                                         
SER2 Press Offset: 0.00                                                                       
SER2 CSV Offset: 0.000                                                                        
SER2 Temp Offset: 0.000                                                                       
SER2 Num5Vin: 0                                                                               
**********************************************************************************************
SER3 Type: 0, None                                                                            
SER3 FID:                                                                                     
SER3 Serial Number: 0                                                                         
SER3 Press Offset: 0.00                                                                       
SER3 CSV Offset: 0.000                                                                        
SER3 Temp Offset: 0.000                                                                       
SER3 Num5Vin: 0                                                                               
**********************************************************************************************
BOT F1:                                                                                       
BOT F2:                                                                                       
BOT F3:                                                                                       
BOT F4:                                                                                       
BOT F5:                                                                                       
BOT F6: NAV_vessel_heading_input_timed_out.                                                   
BOT F7: $GPGGA,015346,2903.8035,N,08732.5794,W,1,8,1.6,13,M,,M,,*5F                           
BOT F8: PC_UTC_Date/Time                                                                      
BOT F9: $SDDBS,210120,015344,3098.85,2134.34                                                  
BOT F10:$GPVTG,72.3,T,74.7,M,7.2,N,13.3,K*78                                                  
**********************************************************************************************
<END_OF_HEADER>                                                                               



[01:53:39.2] EVENT: START,01:53:39.2,2903.8005000,N,08732.5904000,W,7.2,kts,2548.7,m,0.0,m,0.0,m/s,49.0,kg,00h,0080h,0000h,5.1,m,0.0,deg
[01:53:39.2] DCFG: 1,20.0,m,200.0,m,375.0,m,1.0,kts,13.0,kts
[01:53:42.0] MVP PROFILING MODE: FreeWheel
[01:53:43.6] EVENT: DWNBO,01:53:43.7,2903.8035000,N,08732.5794000,W,7.2,kts,2134.3,m,0.0,m,0.0,m/s,36.0,kg,00h,0080h,0000h,6.0,m,0.0,deg
[01:54:35.9] MVP CAST TERMINATED - MaxDepth,
[01:54:38.3] EVENT: DWNB1,01:54:38.2,2903.8407000,N,08732.4642000,W,7.0,kts,2759.4,m,337.2,m,3.5,m/s,75.0,kg,00h,0080h,0000h,196.3,m,0.0,deg
[01:54:38.3] AUTO RECOVER DELAY: 1.0 s
[01:54:39.7] AUTORECOVER INITIALIZATION
[01:54:43.6] AUTORECOVER - Constant RPM
[01:54:43.6] EVENT: UP_BO,01:54:43.2,2903.8427000,N,08732.4543000,W,7.0,kts,2759.4,m,337.2,m,0.0,m/s,91.0,kg,00h,0082h,0000h,183.5,m,0.0,deg
[01:59:51.9] EVENT: UP_B1,01:59:51.7,2904.0437000,N,08731.7857000,W,7.1,kts,2716.1,m,-1.8,m,0.3,m/s,43.0,kg,00h,0080h,0000h,3.8,m,0.0,deg
[01:59:51.9] DOCK messenger detected!
[01:59:51.9] EVENT: STOP_,01:59:51.7,2904.0437000,N,08731.7857000,W,7.1,kts,2716.1,m,-1.8,m,0.3,m/s,43.0,kg,00h,0080h,0000h,3.8,m,0.0,deg
[01:59:51.9] SUMMARY: 372.0,s,55.0,s,308.0,s,337.2,m,152.0,kg,198.6,m